<?xml version="1.0" encoding="UTF-8"?>
<!-- Generated by org.testng.reporters.JUnitXMLReporter -->
<testsuite hostname="Sidhu" name="Yahoo Register Test" tests="3" failures="0" timestamp="1 Aug 2014 23:23:03 GMT" time="0.005" errors="0">
  <testcase name="testRegister" time="0.002" classname="test.YahooRegistrationTest"/>
  <testcase name="testRegister" time="0.0" classname="test.YahooRegistrationTest"/>
  <testcase name="testRegister" time="0.0" classname="test.YahooRegistrationTest"/>
</testsuite> <!-- Yahoo Register Test -->
